<beans xmlns="http://www.springframework.org/schema/beans"
       xmlns:context="http://www.springframework.org/schema/context"
       xmlns:mvc="http://www.springframework.org/schema/mvc"
       xmlns:xsi="http://www.w3.org/2001/XMLSchema-instance"

       xsi:schemaLocation="http://www.springframework.org/schema/beans
                            http://www.springframework.org/schema/beans/spring-beans-3.0.xsd
                            http://www.springframework.org/schema/context
                            http://www.springframework.org/schema/context/spring-context-3.0.xsd
                            http://www.springframework.org/schema/mvc
                            http://www.springframework.org/schema/mvc/spring-mvc-3.0.xsd">


    <mvc:annotation-driven/>

    <bean id="departmentController" class="com.pai.webapp.DepartmentController"/>

    <bean id="webappService" class="org.mockito.Mockito" factory-method="mock">
        <constructor-arg value="com.pai.service.WebAppServiceImpl"/>
    </bean>

    <bean class="org.springframework.web.servlet.view.InternalResourceViewResolver">
        <property name="prefix" value="/WEB-INF/classes/" />
        <property name="suffix" value=".jsp" />
    </bean>

    <bean id="restTemplate" class="org.springframework.web.client.RestTemplate">
        <property name="messageConverters">
            <list>
                <ref bean="mappingJackson2HttpMessageConverter"/>
            </list>
        </property>
    </bean>

    <bean id="mappingJackson2HttpMessageConverter" class="org.springframework.http.converter.json.MappingJackson2HttpMessageConverter"/>


</beans>
