<beans xmlns="http://www.springframework.org/schema/beans"
       xmlns:context="http://www.springframework.org/schema/context"
       xmlns:xsi="http://www.w3.org/2001/XMLSchema-instance"
       xmlns:jdbc="http://www.springframework.org/schema/jdbc"

       xsi:schemaLocation="http://www.springframework.org/schema/beans
                            http://www.springframework.org/schema/beans/spring-beans-3.0.xsd
                            http://www.springframework.org/schema/context
                            http://www.springframework.org/schema/context/spring-context-3.0.xsd
                            http://www.springframework.org/schema/jdbc
                            http://www.springframework.org/schema/jdbc/spring-jdbc.xsd">

    <!--<context:component-scan base-package="com.pai.dao"/>-->

    <jdbc:embedded-database id="testSource" type="HSQL">
        <jdbc:script location="classpath:create-db.sql" />
    </jdbc:embedded-database>

    <bean id="jdbcTemplate" class="org.springframework.jdbc.core.JdbcTemplate">
        <constructor-arg ref="testSourceDB" />
        <property name="dataSource" ref="testSourceDB"/>
    </bean>

    <bean id="testSourceDB" class="org.springframework.jdbc.datasource.DriverManagerDataSource">
        <property name="driverClassName" value="org.hsqldb.jdbcDriver"/>
        <property name="url" value="jdbc:hsqldb:mem:testSource"/>
        <property name="username" value="sa"/>
        <property name="password" value=""/>
    </bean>

    <bean id="departmentDAO" class="com.pai.dao.DepartmentJdbcDAO">
        <property name="jdbcTemplate" ref="jdbcTemplate"/>
    </bean>

    <bean id="employeeDAO" class="com.pai.dao.EmployeeJdbcDAO">
        <property name="jdbcTemplate" ref="jdbcTemplate"/>
    </bean>

</beans>
