<beans xmlns="http://www.springframework.org/schema/beans"
       xmlns:context="http://www.springframework.org/schema/context"
       xmlns:xsi="http://www.w3.org/2001/XMLSchema-instance"
       xmlns:jdbc="http://www.springframework.org/schema/jdbc"

       xsi:schemaLocation="http://www.springframework.org/schema/beans
                            http://www.springframework.org/schema/beans/spring-beans-3.0.xsd
                            http://www.springframework.org/schema/context
                            http://www.springframework.org/schema/context/spring-context-3.0.xsd
                            http://www.springframework.org/schema/jdbc
                            http://www.springframework.org/schema/jdbc/spring-jdbc.xsd">

    <jdbc:embedded-database id="dataSource" type="HSQL">
        <jdbc:script location="classpath:create-db.sql" />
    </jdbc:embedded-database>

    <bean id="departmentDAO" class="com.pai.dao.DepartmentMybatisDAO">
    </bean>

    <bean id="employeeDAO" class="com.pai.dao.EmployeeMybatisDAO">
    </bean>

</beans>